# JRE version: Java(TM) SE Runtime Environment (8.0_121-b13) (build 1.8.0_121-b13)
# Java VM: Java HotSpot(TM) 64-Bit Server VM (25.121-b13 mixed mode windows-amd64 compressed oops)
Heap:
 PSYoungGen      total 69632K, used 21880K [0x00000000eb900000, 0x00000000f4300000, 0x0000000100000000)
  eden space 58368K, 37% used [0x00000000eb900000,0x00000000ece5e0f8,0x00000000ef200000)
  from space 11264K, 0% used [0x00000000ef200000,0x00000000ef200000,0x00000000efd00000)
  to   space 12288K, 0% used [0x00000000f3700000,0x00000000f3700000,0x00000000f4300000)
 ParOldGen       total 44544K, used 16461K [0x00000000c2a00000, 0x00000000c5580000, 0x00000000eb900000)
  object space 44544K, 36% used [0x00000000c2a00000,0x00000000c3a135c0,0x00000000c5580000)
 Metaspace       used 23762K, capacity 24392K, committed 24576K, reserved 1071104K
  class space    used 2833K, capacity 3051K, committed 3072K, reserved 1048576K
GC Heap History (10 events):
Event: 7.510 GC heap before
{Heap before GC invocations=4 (full 0):
 PSYoungGen      total 34304K, used 34288K [0x00000000eb900000, 0x00000000efc00000, 0x0000000100000000)
  eden space 31744K, 100% used [0x00000000eb900000,0x00000000ed800000,0x00000000ed800000)
  from space 2560K, 99% used [0x00000000ed800000,0x00000000eda7c010,0x00000000eda80000)
  to   space 2560K, 0% used [0x00000000ef980000,0x00000000ef980000,0x00000000efc00000)
 ParOldGen       total 42496K, used 4915K [0x00000000c2a00000, 0x00000000c5380000, 0x00000000eb900000)
  object space 42496K, 11% used [0x00000000c2a00000,0x00000000c2ecccd0,0x00000000c5380000)
 Metaspace       used 12965K, capacity 13226K, committed 13440K, reserved 1060864K
  class space    used 1585K, capacity 1655K, committed 1664K, reserved 1048576K
Event: 7.541 GC heap after
Heap after GC invocations=4 (full 0):
 PSYoungGen      total 66048K, used 2544K [0x00000000eb900000, 0x00000000efc00000, 0x0000000100000000)
  eden space 63488K, 0% used [0x00000000eb900000,0x00000000eb900000,0x00000000ef700000)
  from space 2560K, 99% used [0x00000000ef980000,0x00000000efbfc030,0x00000000efc00000)
  to   space 2560K, 0% used [0x00000000ef700000,0x00000000ef700000,0x00000000ef980000)
 ParOldGen       total 42496K, used 7694K [0x00000000c2a00000, 0x00000000c5380000, 0x00000000eb900000)
  object space 42496K, 18% used [0x00000000c2a00000,0x00000000c3183ab0,0x00000000c5380000)
 Metaspace       used 12965K, capacity 13226K, committed 13440K, reserved 1060864K
  class space    used 1585K, capacity 1655K, committed 1664K, reserved 1048576K
}
Event: 15.285 GC heap before
{Heap before GC invocations=5 (full 0):
 PSYoungGen      total 66048K, used 66032K [0x00000000eb900000, 0x00000000efc00000, 0x0000000100000000)
  eden space 63488K, 100% used [0x00000000eb900000,0x00000000ef700000,0x00000000ef700000)
  from space 2560K, 99% used [0x00000000ef980000,0x00000000efbfc030,0x00000000efc00000)
  to   space 2560K, 0% used [0x00000000ef700000,0x00000000ef700000,0x00000000ef980000)
 ParOldGen       total 42496K, used 7694K [0x00000000c2a00000, 0x00000000c5380000, 0x00000000eb900000)
  object space 42496K, 18% used [0x00000000c2a00000,0x00000000c3183ab0,0x00000000c5380000)
 Metaspace       used 13709K, capacity 13986K, committed 14336K, reserved 1062912K
  class space    used 1630K, capacity 1695K, committed 1792K, reserved 1048576K
Event: 15.314 GC heap after
Heap after GC invocations=5 (full 0):
 PSYoungGen      total 64000K, used 2560K [0x00000000eb900000, 0x00000000f0500000, 0x0000000100000000)
  eden space 61440K, 0% used [0x00000000eb900000,0x00000000eb900000,0x00000000ef500000)
  from space 2560K, 100% used [0x00000000ef700000,0x00000000ef980000,0x00000000ef980000)
  to   space 8192K, 0% used [0x00000000efd00000,0x00000000efd00000,0x00000000f0500000)
 ParOldGen       total 42496K, used 10988K [0x00000000c2a00000, 0x00000000c5380000, 0x00000000eb900000)
  object space 42496K, 25% used [0x00000000c2a00000,0x00000000c34bb368,0x00000000c5380000)
 Metaspace       used 13709K, capacity 13986K, committed 14336K, reserved 1062912K
  class space    used 1630K, capacity 1695K, committed 1792K, reserved 1048576K
}
Event: 21.927 GC heap before
{Heap before GC invocations=6 (full 0):
 PSYoungGen      total 64000K, used 64000K [0x00000000eb900000, 0x00000000f0500000, 0x0000000100000000)
  eden space 61440K, 100% used [0x00000000eb900000,0x00000000ef500000,0x00000000ef500000)
  from space 2560K, 100% used [0x00000000ef700000,0x00000000ef980000,0x00000000ef980000)
  to   space 8192K, 0% used [0x00000000efd00000,0x00000000efd00000,0x00000000f0500000)
 ParOldGen       total 42496K, used 10988K [0x00000000c2a00000, 0x00000000c5380000, 0x00000000eb900000)
  object space 42496K, 25% used [0x00000000c2a00000,0x00000000c34bb368,0x00000000c5380000)
 Metaspace       used 19524K, capacity 19940K, committed 20096K, reserved 1067008K
  class space    used 2321K, capacity 2424K, committed 2432K, reserved 1048576K
Event: 21.976 GC heap after
Heap after GC invocations=6 (full 0):
 PSYoungGen      total 66560K, used 8160K [0x00000000eb900000, 0x00000000f0900000, 0x0000000100000000)
  eden space 58368K, 0% used [0x00000000eb900000,0x00000000eb900000,0x00000000ef200000)
  from space 8192K, 99% used [0x00000000efd00000,0x00000000f04f82c0,0x00000000f0500000)
  to   space 11264K, 0% used [0x00000000ef200000,0x00000000ef200000,0x00000000efd00000)
 ParOldGen       total 42496K, used 14227K [0x00000000c2a00000, 0x00000000c5380000, 0x00000000eb900000)
  object space 42496K, 33% used [0x00000000c2a00000,0x00000000c37e4cd8,0x00000000c5380000)
 Metaspace       used 19524K, capacity 19940K, committed 20096K, reserved 1067008K
  class space    used 2321K, capacity 2424K, committed 2432K, reserved 1048576K
}
Event: 24.956 GC heap before
{Heap before GC invocations=7 (full 0):
 PSYoungGen      total 66560K, used 28636K [0x00000000eb900000, 0x00000000f0900000, 0x0000000100000000)
  eden space 58368K, 35% used [0x00000000eb900000,0x00000000eccff0a8,0x00000000ef200000)
  from space 8192K, 99% used [0x00000000efd00000,0x00000000f04f82c0,0x00000000f0500000)
  to   space 11264K, 0% used [0x00000000ef200000,0x00000000ef200000,0x00000000efd00000)
 ParOldGen       total 42496K, used 14227K [0x00000000c2a00000, 0x00000000c5380000, 0x00000000eb900000)
  object space 42496K, 33% used [0x00000000c2a00000,0x00000000c37e4cd8,0x00000000c5380000)
 Metaspace       used 20633K, capacity 21116K, committed 21296K, reserved 1069056K
  class space    used 2452K, capacity 2619K, committed 2688K, reserved 1048576K
Event: 25.036 GC heap after
Heap after GC invocations=7 (full 0):
 PSYoungGen      total 69632K, used 8816K [0x00000000eb900000, 0x00000000f4300000, 0x0000000100000000)
  eden space 58368K, 0% used [0x00000000eb900000,0x00000000eb900000,0x00000000ef200000)
  from space 11264K, 78% used [0x00000000ef200000,0x00000000efa9c0a8,0x00000000efd00000)
  to   space 12288K, 0% used [0x00000000f3700000,0x00000000f3700000,0x00000000f4300000)
 ParOldGen       total 42496K, used 14763K [0x00000000c2a00000, 0x00000000c5380000, 0x00000000eb900000)
  object space 42496K, 34% used [0x00000000c2a00000,0x00000000c386ad28,0x00000000c5380000)
 Metaspace       used 20633K, capacity 21116K, committed 21296K, reserved 1069056K
  class space    used 2452K, capacity 2619K, committed 2688K, reserved 1048576K
}
Event: 25.036 GC heap before
{Heap before GC invocations=8 (full 1):
 PSYoungGen      total 69632K, used 8816K [0x00000000eb900000, 0x00000000f4300000, 0x0000000100000000)
  eden space 58368K, 0% used [0x00000000eb900000,0x00000000eb900000,0x00000000ef200000)
  from space 11264K, 78% used [0x00000000ef200000,0x00000000efa9c0a8,0x00000000efd00000)
  to   space 12288K, 0% used [0x00000000f3700000,0x00000000f3700000,0x00000000f4300000)
 ParOldGen       total 42496K, used 14763K [0x00000000c2a00000, 0x00000000c5380000, 0x00000000eb900000)
  object space 42496K, 34% used [0x00000000c2a00000,0x00000000c386ad28,0x00000000c5380000)
 Metaspace       used 20633K, capacity 21116K, committed 21296K, reserved 1069056K
  class space    used 2452K, capacity 2619K, committed 2688K, reserved 1048576K
Event: 25.268 GC heap after
Heap after GC invocations=8 (full 1):
 PSYoungGen      total 69632K, used 0K [0x00000000eb900000, 0x00000000f4300000, 0x0000000100000000)
  eden space 58368K, 0% used [0x00000000eb900000,0x00000000eb900000,0x00000000ef200000)
  from space 11264K, 0% used [0x00000000ef200000,0x00000000ef200000,0x00000000efd00000)
  to   space 12288K, 0% used [0x00000000f3700000,0x00000000f3700000,0x00000000f4300000)
 ParOldGen       total 44544K, used 16461K [0x00000000c2a00000, 0x00000000c5580000, 0x00000000eb900000)
  object space 44544K, 36% used [0x00000000c2a00000,0x00000000c3a135c0,0x00000000c5580000)
 Metaspace       used 20633K, capacity 21116K, committed 21296K, reserved 1069056K
  class space    used 2452K, capacity 2619K, committed 2688K, reserved 1048576K
}

